<?xml version="1.0" encoding="UTF-8"?>
<!-- Generated by org.testng.reporters.JUnitReportReporter -->
<testsuite skipped="0" hostname="DESKTOP-CU7FF5S" name="day6.LinksChecking" tests="1" failures="0" timestamp="2021-07-30T10:36:22 IST" time="14.576" errors="0">
  <testcase name="linkTest" time="14.576" classname="day6.LinksChecking"/>
  <system-out/>
</testsuite> <!-- day6.LinksChecking -->
