<?xml version="1.0" encoding="UTF-8"?>
<!-- Generated by org.testng.reporters.JUnitReportReporter -->
<testsuite skipped="0" hostname="DESKTOP-CU7FF5S" name="day6.ExcelKeyRunner" tests="6" failures="0" timestamp="2021-07-30T16:31:14 IST" time="5.049" errors="0">
  <testcase name="runKeyTest" time="0.278" classname="day6.ExcelKeyRunner"/>
  <system-out/>
  <testcase name="runKeyTest" time="0.003" classname="day6.ExcelKeyRunner"/>
  <system-out/>
  <testcase name="runKeyTest" time="3.131" classname="day6.ExcelKeyRunner"/>
  <system-out/>
  <testcase name="runKeyTest" time="0.782" classname="day6.ExcelKeyRunner"/>
  <system-out/>
  <testcase name="runKeyTest" time="0.704" classname="day6.ExcelKeyRunner"/>
  <system-out/>
  <testcase name="runKeyTest" time="0.151" classname="day6.ExcelKeyRunner"/>
  <system-out/>
</testsuite> <!-- day6.ExcelKeyRunner -->
