<?xml version="1.0" encoding="UTF-8"?>
<!-- Generated by org.testng.reporters.JUnitReportReporter -->
<testsuite skipped="0" hostname="DESKTOP-CU7FF5S" name="day5.RunnerPom" tests="3" failures="0" timestamp="2021-07-29T16:45:17 IST" time="24.781" errors="0">
  <testcase name="mouseHover" time="12.721" classname="day5.RunnerPom"/>
  <system-out/>
  <testcase name="cancelCheck" time="1.028" classname="day5.RunnerPom"/>
  <system-out/>
  <testcase name="forgetLinkTest" time="11.032" classname="day5.RunnerPom"/>
  <system-out/>
</testsuite> <!-- day5.RunnerPom -->
