<?xml version="1.0" encoding="UTF-8"?>
<!-- Generated by org.testng.reporters.JUnitReportReporter -->
<testsuite skipped="0" hostname="DESKTOP-CU7FF5S" name="day5.FactoryRunner" tests="1" failures="0" timestamp="2021-07-29T17:18:35 IST" time="15.321" errors="0">
  <testcase name="forgotTest" time="15.321" classname="day5.FactoryRunner"/>
  <system-out/>
</testsuite> <!-- day5.FactoryRunner -->
