<?xml version="1.0" encoding="UTF-8"?>
<!-- Generated by org.testng.reporters.JUnitReportReporter -->
<testsuite skipped="0" hostname="DESKTOP-CU7FF5S" name="day6.ActionsExample" tests="1" failures="0" timestamp="2021-07-30T09:52:27 IST" time="8.013" errors="0">
  <testcase name="bingTest" time="8.013" classname="day6.ActionsExample"/>
  <system-out/>
</testsuite> <!-- day6.ActionsExample -->
