<?xml version="1.0" encoding="UTF-8"?>
<!-- Generated by org.testng.reporters.JUnitReportReporter -->
<testsuite skipped="0" hostname="DESKTOP-CU7FF5S" name="day6.Headless" tests="1" failures="0" timestamp="2021-07-30T11:43:39 IST" time="22.693" errors="0">
  <testcase name="linkTest" time="22.693" classname="day6.Headless"/>
  <system-out/>
</testsuite> <!-- day6.Headless -->
