<?xml version="1.0" encoding="UTF-8"?>
<!-- Generated by org.testng.reporters.JUnitReportReporter -->
<testsuite skipped="0" hostname="DESKTOP-CU7FF5S" name="day6.imageChecking" tests="1" failures="0" timestamp="2021-07-30T11:29:59 IST" time="11.964" errors="0">
  <testcase name="linkTest" time="11.964" classname="day6.imageChecking"/>
  <system-out/>
</testsuite> <!-- day6.imageChecking -->
