<?xml version="1.0" encoding="UTF-8"?>
<!-- Generated by org.testng.reporters.JUnitReportReporter -->
<testsuite skipped="1" hostname="DESKTOP-CU7FF5S" name="contactListAPI.NegativeTesting" tests="2" failures="0" timestamp="03 Aug 2021 10:05:38 GMT" time="4.634" errors="0">
  <testcase name="invalidFormat" time="4.634" classname="contactListAPI.NegativeTesting"/>
  <testcase name="gettingSpecificContact" classname="contactListAPI.NegativeTesting">
    <skipped/>
  </testcase> <!-- gettingSpecificContact -->
</testsuite> <!-- contactListAPI.NegativeTesting -->
