<?xml version="1.0" encoding="UTF-8"?>
<!-- Generated by org.testng.reporters.JUnitReportReporter -->
<testsuite skipped="1" hostname="DESKTOP-CU7FF5S" name="day1.whetherAPI" tests="4" failures="0" timestamp="03 Aug 2021 06:18:10 GMT" time="2.809" errors="0">
  <testcase name="getWhetherInfo4" time="0.157" classname="day1.whetherAPI"/>
  <testcase name="getWhetherInfo3" time="0.250" classname="day1.whetherAPI"/>
  <testcase name="getWhetherInfo2" time="2.402" classname="day1.whetherAPI"/>
  <testcase name="getWhetherInfo" classname="day1.whetherAPI">
    <skipped/>
  </testcase> <!-- getWhetherInfo -->
</testsuite> <!-- day1.whetherAPI -->
