<?xml version="1.0" encoding="UTF-8"?>
<!-- Generated by org.testng.reporters.JUnitReportReporter -->
<testsuite skipped="0" hostname="DESKTOP-CU7FF5S" name="day6.NewTest" tests="1" failures="0" timestamp="2021-07-30T18:15:52 IST" time="12.755" errors="0">
  <testcase name="f" time="12.755" classname="day6.NewTest"/>
  <system-out/>
</testsuite> <!-- day6.NewTest -->
